# JRE version: Java(TM) SE Runtime Environment (8.0_161-b12) (build 1.8.0_161-b12)
# Java VM: Java HotSpot(TM) 64-Bit Server VM (25.161-b12 mixed mode linux-amd64 compressed oops)
Heap:
 PSYoungGen      total 268288K, used 17533K [0x000000076d200000, 0x0000000783b00000, 0x00000007c0000000)
  eden space 258048K, 6% used [0x000000076d200000,0x000000076e31f438,0x000000077ce00000)
  from space 10240K, 0% used [0x000000077ce00000,0x000000077ce00000,0x000000077d800000)
  to   space 19968K, 0% used [0x0000000782780000,0x0000000782780000,0x0000000783b00000)
 ParOldGen       total 146944K, used 23331K [0x00000006c7600000, 0x00000006d0580000, 0x000000076d200000)
  object space 146944K, 15% used [0x00000006c7600000,0x00000006c8cc8db8,0x00000006d0580000)
 Metaspace       used 35774K, capacity 36168K, committed 36648K, reserved 1081344K
  class space    used 4289K, capacity 4401K, committed 4480K, reserved 1048576K
GC Heap History (10 events):
Event: 0.989 GC heap before
{Heap before GC invocations=3 (full 0):
 PSYoungGen      total 139264K, used 18197K [0x000000076d200000, 0x0000000776400000, 0x00000007c0000000)
  eden space 129024K, 6% used [0x000000076d200000,0x000000076d9da568,0x0000000775000000)
  from space 10240K, 99% used [0x0000000775a00000,0x00000007763eb288,0x0000000776400000)
  to   space 10240K, 0% used [0x0000000775000000,0x0000000775000000,0x0000000775a00000)
 ParOldGen       total 171008K, used 92K [0x00000006c7600000, 0x00000006d1d00000, 0x000000076d200000)
  object space 171008K, 0% used [0x00000006c7600000,0x00000006c7617000,0x00000006d1d00000)
 Metaspace       used 20816K, capacity 21110K, committed 21296K, reserved 1069056K
  class space    used 2509K, capacity 2600K, committed 2688K, reserved 1048576K
Event: 0.992 GC heap after
Heap after GC invocations=3 (full 0):
 PSYoungGen      total 139264K, used 6512K [0x000000076d200000, 0x000000077e200000, 0x00000007c0000000)
  eden space 129024K, 0% used [0x000000076d200000,0x000000076d200000,0x0000000775000000)
  from space 10240K, 63% used [0x0000000775000000,0x000000077565c050,0x0000000775a00000)
  to   space 10240K, 0% used [0x000000077d800000,0x000000077d800000,0x000000077e200000)
 ParOldGen       total 171008K, used 100K [0x00000006c7600000, 0x00000006d1d00000, 0x000000076d200000)
  object space 171008K, 0% used [0x00000006c7600000,0x00000006c7619000,0x00000006d1d00000)
 Metaspace       used 20816K, capacity 21110K, committed 21296K, reserved 1069056K
  class space    used 2509K, capacity 2600K, committed 2688K, reserved 1048576K
}
Event: 0.992 GC heap before
{Heap before GC invocations=4 (full 1):
 PSYoungGen      total 139264K, used 6512K [0x000000076d200000, 0x000000077e200000, 0x00000007c0000000)
  eden space 129024K, 0% used [0x000000076d200000,0x000000076d200000,0x0000000775000000)
  from space 10240K, 63% used [0x0000000775000000,0x000000077565c050,0x0000000775a00000)
  to   space 10240K, 0% used [0x000000077d800000,0x000000077d800000,0x000000077e200000)
 ParOldGen       total 171008K, used 100K [0x00000006c7600000, 0x00000006d1d00000, 0x000000076d200000)
  object space 171008K, 0% used [0x00000006c7600000,0x00000006c7619000,0x00000006d1d00000)
 Metaspace       used 20816K, capacity 21110K, committed 21296K, reserved 1069056K
  class space    used 2509K, capacity 2600K, committed 2688K, reserved 1048576K
Event: 1.012 GC heap after
Heap after GC invocations=4 (full 1):
 PSYoungGen      total 139264K, used 0K [0x000000076d200000, 0x000000077e200000, 0x00000007c0000000)
  eden space 129024K, 0% used [0x000000076d200000,0x000000076d200000,0x0000000775000000)
  from space 10240K, 0% used [0x0000000775000000,0x0000000775000000,0x0000000775a00000)
  to   space 10240K, 0% used [0x000000077d800000,0x000000077d800000,0x000000077e200000)
 ParOldGen       total 92160K, used 6388K [0x00000006c7600000, 0x00000006cd000000, 0x000000076d200000)
  object space 92160K, 6% used [0x00000006c7600000,0x00000006c7c3d248,0x00000006cd000000)
 Metaspace       used 20816K, capacity 21110K, committed 21296K, reserved 1069056K
  class space    used 2509K, capacity 2600K, committed 2688K, reserved 1048576K
}
Event: 1.795 GC heap before
{Heap before GC invocations=5 (full 1):
 PSYoungGen      total 139264K, used 129024K [0x000000076d200000, 0x000000077e200000, 0x00000007c0000000)
  eden space 129024K, 100% used [0x000000076d200000,0x0000000775000000,0x0000000775000000)
  from space 10240K, 0% used [0x0000000775000000,0x0000000775000000,0x0000000775a00000)
  to   space 10240K, 0% used [0x000000077d800000,0x000000077d800000,0x000000077e200000)
 ParOldGen       total 92160K, used 6388K [0x00000006c7600000, 0x00000006cd000000, 0x000000076d200000)
  object space 92160K, 6% used [0x00000006c7600000,0x00000006c7c3d248,0x00000006cd000000)
 Metaspace       used 28453K, capacity 28786K, committed 28928K, reserved 1075200K
  class space    used 3473K, capacity 3570K, committed 3584K, reserved 1048576K
Event: 1.804 GC heap after
Heap after GC invocations=5 (full 1):
 PSYoungGen      total 220672K, used 10239K [0x000000076d200000, 0x000000077e200000, 0x00000007c0000000)
  eden space 210432K, 0% used [0x000000076d200000,0x000000076d200000,0x0000000779f80000)
  from space 10240K, 99% used [0x000000077d800000,0x000000077e1ffe78,0x000000077e200000)
  to   space 10240K, 0% used [0x000000077ce00000,0x000000077ce00000,0x000000077d800000)
 ParOldGen       total 92160K, used 10216K [0x00000006c7600000, 0x00000006cd000000, 0x000000076d200000)
  object space 92160K, 11% used [0x00000006c7600000,0x00000006c7ffa340,0x00000006cd000000)
 Metaspace       used 28453K, capacity 28786K, committed 28928K, reserved 1075200K
  class space    used 3473K, capacity 3570K, committed 3584K, reserved 1048576K
}
Event: 10.456 GC heap before
{Heap before GC invocations=6 (full 1):
 PSYoungGen      total 220672K, used 152280K [0x000000076d200000, 0x000000077e200000, 0x00000007c0000000)
  eden space 210432K, 67% used [0x000000076d200000,0x0000000775cb6468,0x0000000779f80000)
  from space 10240K, 99% used [0x000000077d800000,0x000000077e1ffe78,0x000000077e200000)
  to   space 10240K, 0% used [0x000000077ce00000,0x000000077ce00000,0x000000077d800000)
 ParOldGen       total 92160K, used 10216K [0x00000006c7600000, 0x00000006cd000000, 0x000000076d200000)
  object space 92160K, 11% used [0x00000006c7600000,0x00000006c7ffa340,0x00000006cd000000)
 Metaspace       used 34810K, capacity 35178K, committed 35496K, reserved 1081344K
  class space    used 4230K, capacity 4332K, committed 4352K, reserved 1048576K
Event: 10.471 GC heap after
Heap after GC invocations=6 (full 1):
 PSYoungGen      total 268288K, used 10212K [0x000000076d200000, 0x0000000783b00000, 0x00000007c0000000)
  eden space 258048K, 0% used [0x000000076d200000,0x000000076d200000,0x000000077ce00000)
  from space 10240K, 99% used [0x000000077ce00000,0x000000077d7f9110,0x000000077d800000)
  to   space 19968K, 0% used [0x0000000782780000,0x0000000782780000,0x0000000783b00000)
 ParOldGen       total 92160K, used 18630K [0x00000006c7600000, 0x00000006cd000000, 0x000000076d200000)
  object space 92160K, 20% used [0x00000006c7600000,0x00000006c88319c8,0x00000006cd000000)
 Metaspace       used 34810K, capacity 35178K, committed 35496K, reserved 1081344K
  class space    used 4230K, capacity 4332K, committed 4352K, reserved 1048576K
}
Event: 10.471 GC heap before
{Heap before GC invocations=7 (full 2):
 PSYoungGen      total 268288K, used 10212K [0x000000076d200000, 0x0000000783b00000, 0x00000007c0000000)
  eden space 258048K, 0% used [0x000000076d200000,0x000000076d200000,0x000000077ce00000)
  from space 10240K, 99% used [0x000000077ce00000,0x000000077d7f9110,0x000000077d800000)
  to   space 19968K, 0% used [0x0000000782780000,0x0000000782780000,0x0000000783b00000)
 ParOldGen       total 92160K, used 18630K [0x00000006c7600000, 0x00000006cd000000, 0x000000076d200000)
  object space 92160K, 20% used [0x00000006c7600000,0x00000006c88319c8,0x00000006cd000000)
 Metaspace       used 34810K, capacity 35178K, committed 35496K, reserved 1081344K
  class space    used 4230K, capacity 4332K, committed 4352K, reserved 1048576K
Event: 10.546 GC heap after
Heap after GC invocations=7 (full 2):
 PSYoungGen      total 268288K, used 0K [0x000000076d200000, 0x0000000783b00000, 0x00000007c0000000)
  eden space 258048K, 0% used [0x000000076d200000,0x000000076d200000,0x000000077ce00000)
  from space 10240K, 0% used [0x000000077ce00000,0x000000077ce00000,0x000000077d800000)
  to   space 19968K, 0% used [0x0000000782780000,0x0000000782780000,0x0000000783b00000)
 ParOldGen       total 146944K, used 23331K [0x00000006c7600000, 0x00000006d0580000, 0x000000076d200000)
  object space 146944K, 15% used [0x00000006c7600000,0x00000006c8cc8db8,0x00000006d0580000)
 Metaspace       used 34806K, capacity 35172K, committed 35496K, reserved 1081344K
  class space    used 4230K, capacity 4331K, committed 4352K, reserved 1048576K
}

